0 info it worked if it ends with ok
1 verbose cli [ 'C:\\Program Files\\nodejs\\node.exe',
1 verbose cli   'C:\\Users\\williaam\\AppData\\Roaming\\npm\\node_modules\\npm\\bin\\npm-cli.js',
1 verbose cli   'run',
1 verbose cli   'serve' ]
2 info using npm@4.0.5
3 info using node@v9.2.0
4 verbose run-script [ 'preserve', 'serve', 'postserve' ]
5 info lifecycle frontend@0.1.0~preserve: frontend@0.1.0
6 silly lifecycle frontend@0.1.0~preserve: no script for preserve, continuing
7 info lifecycle frontend@0.1.0~serve: frontend@0.1.0
8 verbose lifecycle frontend@0.1.0~serve: unsafe-perm in lifecycle true
9 verbose lifecycle frontend@0.1.0~serve: PATH: C:\Users\williaam\AppData\Roaming\npm\node_modules\npm\bin\node-gyp-bin;C:\Projects\EDULYNX\EDULYNX-frontend\node_modules\.bin;C:\ProgramData\Oracle\Java\javapath;C:\Program Files\Docker\Docker\Resources\bin;C:\Program Files\Java\jdk1.8.0_112\bin;C:\Program Files (x86)\Intel\iCLS Client\;C:\Program Files\Intel\iCLS Client\;C:\windows\system32;C:\windows;C:\windows\System32\Wbem;C:\windows\System32\WindowsPowerShell\v1.0\;C:\Program Files\Intel\WiFi\bin\;C:\Program Files\Common Files\Intel\WirelessCommon\;C:\Program Files (x86)\Intel\Intel(R) Management Engine Components\DAL;C:\Program Files\Intel\Intel(R) Management Engine Components\DAL;C:\Program Files (x86)\Intel\Intel(R) Management Engine Components\IPT;C:\Program Files\Intel\Intel(R) Management Engine Components\IPT;C:\Users\williaam\AppData\Local\Microsoft\WindowsApps;C:\Users\williaam\AppData\Roaming\npm;C:\ProgramData\chocolatey\lib\gradle\tools\gradle-4.3.1\bin;C:\Program Files\Microsoft SQL Server\130\Tools\Binn\;C:\Program Files\nodejs\;C:\Program Files (x86)\Yarn\bin;C:\Program Files (x86)\GtkSharp\2.12\bin;C:\Program Files (x86)\dotnet\;C:\Program Files\dotnet\;C:\Program Files\Microsoft SQL Server\120\DTS\Binn\;C:\Program Files\Microsoft SQL Server\Client SDK\ODBC\110\Tools\Binn\;C:\Program Files (x86)\Microsoft SQL Server\120\Tools\Binn\;C:\Program Files\Microsoft SQL Server\120\Tools\Binn\;C:\Program Files (x86)\Microsoft SQL Server\120\Tools\Binn\ManagementStudio\;C:\Program Files (x86)\Microsoft SQL Server\120\DTS\Binn\;C:\ProgramData\chocolatey\bin;C:\Program Files\Git\cmd;C:\ProgramData\nvm;C:\Program Files\nodejs;C:\Program Files\Java\jdk-9.0.1\bin;C:\Ruby23-x64\bin;C:\Users\williaam\AppData\Local\Microsoft\WindowsApps;C:\Program Files\Java\jdk1.8.0_112\bin;C:\Users\williaam\AppData\Roaming\npm;C:\Users\williaam\AppData\Local\Yarn\.bin;C:\ProgramData\chocolatey\lib\gradle\tools\gradle-4.3.1/bin;C:\Applications\Atlassian\atlassian-plugin-sdk-6.3.4\bin;%PYHTON2%;C:\Users\williaam\AppData\Local\Yarn\bin
10 verbose lifecycle frontend@0.1.0~serve: CWD: C:\Projects\EDULYNX\EDULYNX-frontend
11 silly lifecycle frontend@0.1.0~serve: Args: [ '/d /s /c', 'vue-cli-service serve --open' ]
12 silly lifecycle frontend@0.1.0~serve: Returned: code: 1  signal: null
13 info lifecycle frontend@0.1.0~serve: Failed to exec serve script
14 verbose stack Error: frontend@0.1.0 serve: `vue-cli-service serve --open`
14 verbose stack Exit status 1
14 verbose stack     at EventEmitter.<anonymous> (C:\Users\williaam\AppData\Roaming\npm\node_modules\npm\lib\utils\lifecycle.js:279:16)
14 verbose stack     at EventEmitter.emit (events.js:159:13)
14 verbose stack     at ChildProcess.<anonymous> (C:\Users\williaam\AppData\Roaming\npm\node_modules\npm\lib\utils\spawn.js:40:14)
14 verbose stack     at ChildProcess.emit (events.js:159:13)
14 verbose stack     at maybeClose (internal/child_process.js:943:16)
14 verbose stack     at Process.ChildProcess._handle.onexit (internal/child_process.js:220:5)
15 verbose pkgid frontend@0.1.0
16 verbose cwd C:\Projects\EDULYNX\EDULYNX-frontend
17 error Windows_NT 10.0.14393
18 error argv "C:\\Program Files\\nodejs\\node.exe" "C:\\Users\\williaam\\AppData\\Roaming\\npm\\node_modules\\npm\\bin\\npm-cli.js" "run" "serve"
19 error node v9.2.0
20 error npm  v4.0.5
21 error code ELIFECYCLE
22 error frontend@0.1.0 serve: `vue-cli-service serve --open`
22 error Exit status 1
23 error Failed at the frontend@0.1.0 serve script 'vue-cli-service serve --open'.
23 error Make sure you have the latest version of node.js and npm installed.
23 error If you do, this is most likely a problem with the frontend package,
23 error not with npm itself.
23 error Tell the author that this fails on your system:
23 error     vue-cli-service serve --open
23 error You can get information on how to open an issue for this project with:
23 error     npm bugs frontend
23 error Or if that isn't available, you can get their info via:
23 error     npm owner ls frontend
23 error There is likely additional logging output above.
24 verbose exit [ 1, true ]
